\BOOKMARK [1][-]{section.1}{\376\377\000I\000n\000t\000r\000o\000d\000u\000c\000t\000i\000o\000n}{}% 1
\BOOKMARK [1][-]{section.2}{\376\377\000M\000e\000t\000h\000o\000d\000s}{}% 2
\BOOKMARK [2][-]{subsection.2.1}{\376\377\000M\000a\000t\000h\000e\000m\000a\000t\000i\000c\000a\000l\000\040\000m\000o\000d\000e\000l\000s}{section.2}% 3
\BOOKMARK [2][-]{subsection.2.2}{\376\377\000I\000n\000i\000t\000i\000a\000l\000\040\000a\000n\000d\000\040\000b\000o\000u\000n\000d\000a\000r\000y\000\040\000c\000o\000n\000d\000i\000t\000i\000o\000n\000s}{section.2}% 4
\BOOKMARK [2][-]{subsection.2.3}{\376\377\000P\000a\000r\000a\000m\000e\000t\000e\000r\000\040\000v\000a\000l\000u\000e\000s}{section.2}% 5
\BOOKMARK [3][-]{subsubsection.2.3.1}{\376\377\000F\000o\000r\000\040\000t\000h\000e\000\040\000c\000o\000n\000v\000e\000c\000t\000i\000o\000n\000-\000d\000i\000f\000f\000u\000s\000i\000o\000n\000\040\000e\000q\000u\000a\000t\000i\000o\000n}{subsection.2.3}% 6
\BOOKMARK [3][-]{subsubsection.2.3.2}{\376\377\000F\000o\000r\000\040\000t\000h\000e\000\040\000m\000u\000l\000t\000i\000-\000c\000o\000m\000p\000a\000r\000t\000m\000e\000n\000t\000\040\000m\000o\000d\000e\000l}{subsection.2.3}% 7
\BOOKMARK [2][-]{subsection.2.4}{\376\377\000M\000o\000d\000e\000l\000\040\000v\000a\000r\000i\000a\000t\000i\000o\000n\000s}{section.2}% 8
\BOOKMARK [2][-]{subsection.2.5}{\376\377\000Q\000u\000a\000n\000t\000i\000t\000i\000e\000s\000\040\000o\000f\000\040\000i\000n\000t\000e\000r\000e\000s\000t}{section.2}% 9
\BOOKMARK [2][-]{subsection.2.6}{\376\377\000C\000o\000m\000p\000u\000t\000a\000t\000i\000o\000n\000a\000l\000\040\000m\000e\000s\000h\000,\000\040\000s\000o\000l\000u\000t\000i\000o\000n\000\040\000m\000e\000t\000h\000o\000d\000\040\000a\000n\000d\000\040\000v\000e\000r\000i\000f\000i\000c\000a\000t\000i\000o\000n}{section.2}% 10
\BOOKMARK [1][-]{section.3}{\376\377\000R\000e\000s\000u\000l\000t\000s}{}% 11
\BOOKMARK [2][-]{subsection.3.1}{\376\377\000C\000S\000F\000\040\000f\000l\000o\000w\000\040\000i\000n\000\040\000t\000h\000e\000\040\0004\000-\000c\000o\000m\000p\000a\000r\000t\000m\000e\000n\000t\000\040\000m\000o\000d\000e\000l}{section.3}% 12
\BOOKMARK [2][-]{subsection.3.2}{\376\377\000T\000r\000a\000n\000s\000p\000o\000r\000t\000\040\000w\000i\000t\000h\000i\000n\000\040\000t\000h\000e\000\040\000b\000r\000a\000i\000n}{section.3}% 13
\BOOKMARK [3][-]{subsubsection.3.2.1}{\376\377\000D\000i\000f\000f\000u\000s\000i\000o\000n\000\040\000i\000n\000\040\000t\000h\000e\000\040\000E\000C\000S\000\040\000o\000n\000l\000y}{subsection.3.2}% 14
\BOOKMARK [3][-]{subsubsection.3.2.2}{\376\377\0004\000-\000c\000o\000m\000p\000a\000r\000t\000m\000e\000n\000t\000\040\000c\000o\000n\000v\000e\000c\000t\000i\000o\000n\000-\000d\000i\000f\000f\000u\000s\000i\000o\000n}{subsection.3.2}% 15
\BOOKMARK [3][-]{subsubsection.3.2.3}{\376\377\000E\000f\000f\000e\000c\000t\000\040\000o\000f\000\040\000t\000h\000e\000\040\000m\000e\000a\000s\000u\000r\000e\000m\000e\000n\000t\000\040\000s\000a\000m\000p\000l\000e}{subsection.3.2}% 16
\BOOKMARK [3][-]{subsubsection.3.2.4}{\376\377\000E\000f\000f\000e\000c\000t\000\040\000o\000f\000\040\000t\000h\000e\000\040\000c\000o\000n\000c\000e\000n\000t\000r\000a\000t\000i\000o\000n\000\040\000i\000n\000\040\000t\000h\000e\000\040\000s\000u\000b\000a\000r\000a\000c\000h\000n\000o\000i\000d\000\040\000s\000p\000a\000c\000e}{subsection.3.2}% 17
\BOOKMARK [2][-]{subsection.3.3}{\376\377\000V\000a\000r\000i\000a\000t\000i\000o\000n\000s\000\040\000o\000f\000\040\000t\000h\000e\000\040\0004\000-\000c\000o\000m\000p\000a\000r\000t\000m\000e\000n\000t\000\040\000m\000o\000d\000e\000l}{section.3}% 18
\BOOKMARK [3][-]{subsubsection.3.3.1}{\376\377\000E\000f\000f\000e\000c\000t\000\040\000o\000f\000\040\000a\000n\000\040\000i\000n\000c\000r\000e\000a\000s\000e\000\040\000i\000n\000\040\000E\000C\000S\000\040\000p\000o\000r\000o\000s\000i\000t\000y}{subsection.3.3}% 19
\BOOKMARK [3][-]{subsubsection.3.3.2}{\376\377\000E\000f\000f\000e\000c\000t\000\040\000o\000f\000\040\000a\000n\000\040\000i\000n\000c\000r\000e\000a\000s\000e\000\040\000i\000n\000\040\000P\000V\000S\000\040\000p\000o\000r\000o\000s\000i\000t\000y}{subsection.3.3}% 20
\BOOKMARK [3][-]{subsubsection.3.3.3}{\376\377\000C\000o\000m\000b\000i\000n\000e\000d\000\040\000e\000n\000h\000a\000n\000c\000e\000m\000e\000n\000t\000\040\000o\000f\000\040\000t\000h\000e\000\040\000e\000x\000t\000r\000a\000c\000e\000l\000l\000u\000l\000a\000r\000\040\000v\000o\000l\000u\000m\000e\000\040\000a\000n\000d\000\040\000p\000e\000r\000i\000v\000a\000s\000c\000u\000l\000a\000r\000\040\000s\000p\000a\000c\000e\000s}{subsection.3.3}% 21
\BOOKMARK [2][-]{subsection.3.4}{\376\377\0007\000-\000c\000o\000m\000p\000a\000r\000t\000m\000e\000n\000t\000\040\000m\000o\000d\000e\000l\000:\000\040\000A\000d\000d\000i\000t\000i\000o\000n\000a\000l\000\040\000e\000f\000f\000e\000c\000t\000\040\000o\000f\000\040\000c\000e\000r\000e\000b\000r\000a\000l\000\040\000b\000l\000o\000o\000d\000\040\000p\000e\000r\000f\000u\000s\000i\000o\000n}{section.3}% 22
\BOOKMARK [1][-]{section.4}{\376\377\000D\000i\000s\000c\000u\000s\000s\000i\000o\000n}{}% 23
\BOOKMARK [1][-]{appendix.A}{\376\377\000C\000o\000m\000p\000u\000t\000i\000n\000g\000\040\000b\000i\000o\000l\000o\000g\000i\000c\000a\000l\000l\000y\000\040\000r\000e\000l\000e\000v\000a\000n\000t\000\040\000p\000a\000r\000a\000m\000e\000t\000e\000r\000s}{}% 24
\BOOKMARK [2][-]{subsection.A.1}{\376\377\000P\000e\000r\000m\000e\000a\000b\000i\000l\000i\000t\000y\000\040\000c\000o\000e\000f\000f\000i\000c\000i\000e\000n\000t\000s}{appendix.A}% 25
\BOOKMARK [2][-]{subsection.A.2}{\376\377\000T\000r\000a\000n\000s\000f\000e\000r\000\040\000c\000o\000e\000f\000f\000i\000c\000i\000e\000n\000t\000s}{appendix.A}% 26
\BOOKMARK [2][-]{subsection.A.3}{\376\377\000V\000a\000r\000i\000a\000t\000i\000o\000n\000s\000\040\000o\000f\000\040\000P\000V\000S\000\040\000p\000o\000r\000o\000s\000i\000t\000i\000e\000s}{appendix.A}% 27
\BOOKMARK [1][-]{appendix.B}{\376\377\000V\000a\000r\000y\000i\000n\000g\000\040\000M\000e\000s\000h\000\040\000R\000e\000s\000o\000l\000u\000t\000i\000o\000n\000\040\000a\000n\000d\000\040\000T\000i\000m\000e\000\040\000S\000t\000e\000p\000s}{}% 28
